This file contains any messages produced by compilers while
running configure, to aid debugging if configure makes a mistake.

It was created by xstroke configure 0.6, which was
generated by GNU Autoconf 2.59.  Invocation command line was

  $ ./configure --prefix=/usr --no-create --no-recursion

## --------- ##
## Platform. ##
## --------- ##

hostname = raspberrypi
uname -m = armv6l
uname -r = 5.4.51+
uname -s = Linux
uname -v = #1333 Mon Aug 10 16:38:02 BST 2020

/usr/bin/uname -p = unknown
/bin/uname -X     = unknown

/bin/arch              = unknown
/usr/bin/arch -k       = unknown
/usr/convex/getsysinfo = unknown
hostinfo               = unknown
/bin/machine           = unknown
/usr/bin/oslevel       = unknown
/bin/universe          = unknown

PATH: /usr/local/sbin
PATH: /usr/local/bin
PATH: /usr/sbin
PATH: /usr/bin
PATH: /sbin
PATH: /bin


## ----------- ##
## Core tests. ##
## ----------- ##

configure:1364: checking for a BSD-compatible install
configure:1419: result: /usr/bin/install -c
configure:1430: checking whether build environment is sane
configure:1473: result: yes
configure:1506: checking for gawk
configure:1535: result: no
configure:1506: checking for mawk
configure:1522: found /usr/bin/mawk
configure:1532: result: mawk
configure:1542: checking whether make sets $(MAKE)
configure:1562: result: yes
configure:1726: checking whether to enable maintainer-specific portions of Makefiles
configure:1735: result: no
configure:1800: checking for gcc
configure:1816: found /usr/bin/gcc
configure:1826: result: gcc
configure:2070: checking for C compiler version
configure:2073: gcc --version </dev/null >&5
gcc (Raspbian 8.3.0-6+rpi1) 8.3.0
Copyright (C) 2018 Free Software Foundation, Inc.
This is free software; see the source for copying conditions.  There is NO
warranty; not even for MERCHANTABILITY or FITNESS FOR A PARTICULAR PURPOSE.

configure:2076: $? = 0
configure:2078: gcc -v </dev/null >&5
Using built-in specs.
COLLECT_GCC=gcc
COLLECT_LTO_WRAPPER=/usr/lib/gcc/arm-linux-gnueabihf/8/lto-wrapper
Target: arm-linux-gnueabihf
Configured with: ../src/configure -v --with-pkgversion='Raspbian 8.3.0-6+rpi1' --with-bugurl=file:///usr/share/doc/gcc-8/README.Bugs --enable-languages=c,ada,c++,go,d,fortran,objc,obj-c++ --prefix=/usr --with-gcc-major-version-only --program-suffix=-8 --program-prefix=arm-linux-gnueabihf- --enable-shared --enable-linker-build-id --libexecdir=/usr/lib --without-included-gettext --enable-threads=posix --libdir=/usr/lib --enable-nls --enable-bootstrap --enable-clocale=gnu --enable-libstdcxx-debug --enable-libstdcxx-time=yes --with-default-libstdcxx-abi=new --enable-gnu-unique-object --disable-libitm --disable-libquadmath --disable-libquadmath-support --enable-plugin --with-system-zlib --with-target-system-zlib --enable-objc-gc=auto --enable-multiarch --disable-sjlj-exceptions --with-arch=armv6 --with-fpu=vfp --with-float=hard --disable-werror --enable-checking=release --build=arm-linux-gnueabihf --host=arm-linux-gnueabihf --target=arm-linux-gnueabihf
Thread model: posix
gcc version 8.3.0 (Raspbian 8.3.0-6+rpi1) 
configure:2081: $? = 0
configure:2083: gcc -V </dev/null >&5
gcc: error: unrecognized command line option '-V'
gcc: fatal error: no input files
compilation terminated.
configure:2086: $? = 1
configure:2109: checking for C compiler default output file name
configure:2112: gcc    conftest.c  >&5
configure:2115: $? = 0
configure:2161: result: a.out
configure:2166: checking whether the C compiler works
configure:2172: ./a.out
configure:2175: $? = 0
configure:2192: result: yes
configure:2199: checking whether we are cross compiling
configure:2201: result: no
configure:2204: checking for suffix of executables
configure:2206: gcc -o conftest    conftest.c  >&5
configure:2209: $? = 0
configure:2234: result: 
configure:2240: checking for suffix of object files
configure:2261: gcc -c   conftest.c >&5
configure:2264: $? = 0
configure:2286: result: o
configure:2290: checking whether we are using the GNU C compiler
configure:2314: gcc -c   conftest.c >&5
configure:2320: $? = 0
configure:2323: test -z 			 || test ! -s conftest.err
configure:2326: $? = 0
configure:2329: test -s conftest.o
configure:2332: $? = 0
configure:2345: result: yes
configure:2351: checking whether gcc accepts -g
configure:2372: gcc -c -g  conftest.c >&5
configure:2378: $? = 0
configure:2381: test -z 			 || test ! -s conftest.err
configure:2384: $? = 0
configure:2387: test -s conftest.o
configure:2390: $? = 0
configure:2401: result: yes
configure:2418: checking for gcc option to accept ANSI C
configure:2488: gcc  -c -g -O2  conftest.c >&5
configure:2494: $? = 0
configure:2497: test -z 			 || test ! -s conftest.err
configure:2500: $? = 0
configure:2503: test -s conftest.o
configure:2506: $? = 0
configure:2524: result: none needed
configure:2542: gcc -c -g -O2  conftest.c >&5
conftest.c:2:3: error: unknown type name 'choke'
   choke me
   ^~~~~
conftest.c:2:3: error: expected '=', ',', ';', 'asm' or '__attribute__' at end of input
configure:2548: $? = 1
configure: failed program was:
| #ifndef __cplusplus
|   choke me
| #endif
configure:2689: checking for style of include used by make
configure:2717: result: GNU
configure:2745: checking dependency style of gcc
configure:2828: result: gcc3
configure:2849: checking for bison
configure:2878: result: no
configure:2849: checking for byacc
configure:2878: result: no
configure:2891: checking for flex
configure:2920: result: no
configure:2891: checking for lex
configure:2920: result: no
configure:2930: checking for yywrap in -lfl
configure:2960: gcc -o conftest -g -O2   conftest.c -lfl   >&5
/usr/bin/ld: cannot find -lfl
collect2: error: ld returned 1 exit status
configure:2966: $? = 1
configure: failed program was:
| /* confdefs.h.  */
| 
| #define PACKAGE_NAME "xstroke"
| #define PACKAGE_TARNAME "xstroke"
| #define PACKAGE_VERSION "0.6"
| #define PACKAGE_STRING "xstroke 0.6"
| #define PACKAGE_BUGREPORT "xstroke@xstroke.org"
| #define PACKAGE "xstroke"
| #define VERSION "0.6"
| /* end confdefs.h.  */
| 
| /* Override any gcc2 internal prototype to avoid an error.  */
| #ifdef __cplusplus
| extern "C"
| #endif
| /* We use char because int might match the return type of a gcc2
|    builtin and then its argument prototype would still apply.  */
| char yywrap ();
| int
| main ()
| {
| yywrap ();
|   ;
|   return 0;
| }
configure:2991: result: no
configure:2996: checking for yywrap in -ll
configure:3026: gcc -o conftest -g -O2   conftest.c -ll   >&5
/usr/bin/ld: cannot find -ll
collect2: error: ld returned 1 exit status
configure:3032: $? = 1
configure: failed program was:
| /* confdefs.h.  */
| 
| #define PACKAGE_NAME "xstroke"
| #define PACKAGE_TARNAME "xstroke"
| #define PACKAGE_VERSION "0.6"
| #define PACKAGE_STRING "xstroke 0.6"
| #define PACKAGE_BUGREPORT "xstroke@xstroke.org"
| #define PACKAGE "xstroke"
| #define VERSION "0.6"
| /* end confdefs.h.  */
| 
| /* Override any gcc2 internal prototype to avoid an error.  */
| #ifdef __cplusplus
| extern "C"
| #endif
| /* We use char because int might match the return type of a gcc2
|    builtin and then its argument prototype would still apply.  */
| char yywrap ();
| int
| main ()
| {
| yywrap ();
|   ;
|   return 0;
| }
configure:3057: result: no
configure:3168: checking how to run the C preprocessor
configure:3203: gcc -E  conftest.c
configure:3209: $? = 0
configure:3241: gcc -E  conftest.c
conftest.c:11:10: fatal error: ac_nonexistent.h: No such file or directory
 #include <ac_nonexistent.h>
          ^~~~~~~~~~~~~~~~~~
compilation terminated.
configure:3247: $? = 1
configure: failed program was:
| /* confdefs.h.  */
| 
| #define PACKAGE_NAME "xstroke"
| #define PACKAGE_TARNAME "xstroke"
| #define PACKAGE_VERSION "0.6"
| #define PACKAGE_STRING "xstroke 0.6"
| #define PACKAGE_BUGREPORT "xstroke@xstroke.org"
| #define PACKAGE "xstroke"
| #define VERSION "0.6"
| /* end confdefs.h.  */
| #include <ac_nonexistent.h>
configure:3286: result: gcc -E
configure:3310: gcc -E  conftest.c
configure:3316: $? = 0
configure:3348: gcc -E  conftest.c
conftest.c:11:10: fatal error: ac_nonexistent.h: No such file or directory
 #include <ac_nonexistent.h>
          ^~~~~~~~~~~~~~~~~~
compilation terminated.
configure:3354: $? = 1
configure: failed program was:
| /* confdefs.h.  */
| 
| #define PACKAGE_NAME "xstroke"
| #define PACKAGE_TARNAME "xstroke"
| #define PACKAGE_VERSION "0.6"
| #define PACKAGE_STRING "xstroke 0.6"
| #define PACKAGE_BUGREPORT "xstroke@xstroke.org"
| #define PACKAGE "xstroke"
| #define VERSION "0.6"
| /* end confdefs.h.  */
| #include <ac_nonexistent.h>
configure:3398: checking for egrep
configure:3408: result: grep -E
configure:3413: checking for ANSI C header files
configure:3438: gcc -c -g -O2  conftest.c >&5
configure:3444: $? = 0
configure:3447: test -z 			 || test ! -s conftest.err
configure:3450: $? = 0
configure:3453: test -s conftest.o
configure:3456: $? = 0
configure:3545: gcc -o conftest -g -O2   conftest.c  >&5
conftest.c: In function 'main':
conftest.c:28:7: warning: implicit declaration of function 'exit' [-Wimplicit-function-declaration]
       exit(2);
       ^~~~
conftest.c:28:7: warning: incompatible implicit declaration of built-in function 'exit'
conftest.c:28:7: note: include '<stdlib.h>' or provide a declaration of 'exit'
conftest.c:12:1:
+#include <stdlib.h>
 #if ((' ' & 0x0FF) == 0x020)
conftest.c:28:7:
       exit(2);
       ^~~~
conftest.c:29:3: warning: incompatible implicit declaration of built-in function 'exit'
   exit (0);
   ^~~~
conftest.c:29:3: note: include '<stdlib.h>' or provide a declaration of 'exit'
configure:3548: $? = 0
configure:3550: ./conftest
configure:3553: $? = 0
configure:3568: result: yes
configure:3592: checking for sys/types.h
configure:3608: gcc -c -g -O2  conftest.c >&5
configure:3614: $? = 0
configure:3617: test -z 			 || test ! -s conftest.err
configure:3620: $? = 0
configure:3623: test -s conftest.o
configure:3626: $? = 0
configure:3637: result: yes
configure:3592: checking for sys/stat.h
configure:3608: gcc -c -g -O2  conftest.c >&5
configure:3614: $? = 0
configure:3617: test -z 			 || test ! -s conftest.err
configure:3620: $? = 0
configure:3623: test -s conftest.o
configure:3626: $? = 0
configure:3637: result: yes
configure:3592: checking for stdlib.h
configure:3608: gcc -c -g -O2  conftest.c >&5
configure:3614: $? = 0
configure:3617: test -z 			 || test ! -s conftest.err
configure:3620: $? = 0
configure:3623: test -s conftest.o
configure:3626: $? = 0
configure:3637: result: yes
configure:3592: checking for string.h
configure:3608: gcc -c -g -O2  conftest.c >&5
configure:3614: $? = 0
configure:3617: test -z 			 || test ! -s conftest.err
configure:3620: $? = 0
configure:3623: test -s conftest.o
configure:3626: $? = 0
configure:3637: result: yes
configure:3592: checking for memory.h
configure:3608: gcc -c -g -O2  conftest.c >&5
configure:3614: $? = 0
configure:3617: test -z 			 || test ! -s conftest.err
configure:3620: $? = 0
configure:3623: test -s conftest.o
configure:3626: $? = 0
configure:3637: result: yes
configure:3592: checking for strings.h
configure:3608: gcc -c -g -O2  conftest.c >&5
configure:3614: $? = 0
configure:3617: test -z 			 || test ! -s conftest.err
configure:3620: $? = 0
configure:3623: test -s conftest.o
configure:3626: $? = 0
configure:3637: result: yes
configure:3592: checking for inttypes.h
configure:3608: gcc -c -g -O2  conftest.c >&5
configure:3614: $? = 0
configure:3617: test -z 			 || test ! -s conftest.err
configure:3620: $? = 0
configure:3623: test -s conftest.o
configure:3626: $? = 0
configure:3637: result: yes
configure:3592: checking for stdint.h
configure:3608: gcc -c -g -O2  conftest.c >&5
configure:3614: $? = 0
configure:3617: test -z 			 || test ! -s conftest.err
configure:3620: $? = 0
configure:3623: test -s conftest.o
configure:3626: $? = 0
configure:3637: result: yes
configure:3592: checking for unistd.h
configure:3608: gcc -c -g -O2  conftest.c >&5
configure:3614: $? = 0
configure:3617: test -z 			 || test ! -s conftest.err
configure:3620: $? = 0
configure:3623: test -s conftest.o
configure:3626: $? = 0
configure:3637: result: yes
configure:3656: checking for stdlib.h
configure:3661: result: yes
configure:3665: checking sys/time.h usability
configure:3677: gcc -c -g -O2  conftest.c >&5
configure:3683: $? = 0
configure:3686: test -z 			 || test ! -s conftest.err
configure:3689: $? = 0
configure:3692: test -s conftest.o
configure:3695: $? = 0
configure:3705: result: yes
configure:3709: checking sys/time.h presence
configure:3719: gcc -E  conftest.c
configure:3725: $? = 0
configure:3745: result: yes
configure:3780: checking for sys/time.h
configure:3787: result: yes
configure:3656: checking for unistd.h
configure:3661: result: yes
configure:3802: checking whether time.h and sys/time.h may both be included
configure:3827: gcc -c -g -O2  conftest.c >&5
configure:3833: $? = 0
configure:3836: test -z 			 || test ! -s conftest.err
configure:3839: $? = 0
configure:3842: test -s conftest.o
configure:3845: $? = 0
configure:3856: result: yes
configure:3866: checking whether struct tm is in sys/time.h or time.h
configure:3889: gcc -c -g -O2  conftest.c >&5
configure:3895: $? = 0
configure:3898: test -z 			 || test ! -s conftest.err
configure:3901: $? = 0
configure:3904: test -s conftest.o
configure:3907: $? = 0
configure:3918: result: time.h
configure:3935: checking for stdlib.h
configure:3940: result: yes
configure:4079: checking for GNU libc compatible malloc
configure:4108: gcc -o conftest -g -O2   conftest.c  >&5
configure:4111: $? = 0
configure:4113: ./conftest
configure:4116: $? = 0
configure:4130: result: yes
configure:4165: checking for gettimeofday
configure:4222: gcc -o conftest -g -O2   conftest.c  >&5
configure:4228: $? = 0
configure:4231: test -z 			 || test ! -s conftest.err
configure:4234: $? = 0
configure:4237: test -s conftest
configure:4240: $? = 0
configure:4252: result: yes
configure:4165: checking for localtime_r
configure:4222: gcc -o conftest -g -O2   conftest.c  >&5
configure:4228: $? = 0
configure:4231: test -z 			 || test ! -s conftest.err
configure:4234: $? = 0
configure:4237: test -s conftest
configure:4240: $? = 0
configure:4252: result: yes
configure:4265: checking for X
configure:4371: gcc -E  conftest.c
conftest.c:29:10: fatal error: X11/Intrinsic.h: No such file or directory
 #include <X11/Intrinsic.h>
          ^~~~~~~~~~~~~~~~~
compilation terminated.
configure:4377: $? = 1
configure: failed program was:
| /* confdefs.h.  */
| 
| #define PACKAGE_NAME "xstroke"
| #define PACKAGE_TARNAME "xstroke"
| #define PACKAGE_VERSION "0.6"
| #define PACKAGE_STRING "xstroke 0.6"
| #define PACKAGE_BUGREPORT "xstroke@xstroke.org"
| #define PACKAGE "xstroke"
| #define VERSION "0.6"
| #define STDC_HEADERS 1
| #define HAVE_SYS_TYPES_H 1
| #define HAVE_SYS_STAT_H 1
| #define HAVE_STDLIB_H 1
| #define HAVE_STRING_H 1
| #define HAVE_MEMORY_H 1
| #define HAVE_STRINGS_H 1
| #define HAVE_INTTYPES_H 1
| #define HAVE_STDINT_H 1
| #define HAVE_UNISTD_H 1
| #define HAVE_STDLIB_H 1
| #define HAVE_SYS_TIME_H 1
| #define HAVE_UNISTD_H 1
| #define TIME_WITH_SYS_TIME 1
| #define HAVE_STDLIB_H 1
| #define HAVE_MALLOC 1
| #define HAVE_GETTIMEOFDAY 1
| #define HAVE_LOCALTIME_R 1
| /* end confdefs.h.  */
| #include <X11/Intrinsic.h>
configure:4427: gcc -o conftest -g -O2   conftest.c -lXt  >&5
conftest.c:29:10: fatal error: X11/Intrinsic.h: No such file or directory
 #include <X11/Intrinsic.h>
          ^~~~~~~~~~~~~~~~~
compilation terminated.
configure:4433: $? = 1
configure: failed program was:
| /* confdefs.h.  */
| 
| #define PACKAGE_NAME "xstroke"
| #define PACKAGE_TARNAME "xstroke"
| #define PACKAGE_VERSION "0.6"
| #define PACKAGE_STRING "xstroke 0.6"
| #define PACKAGE_BUGREPORT "xstroke@xstroke.org"
| #define PACKAGE "xstroke"
| #define VERSION "0.6"
| #define STDC_HEADERS 1
| #define HAVE_SYS_TYPES_H 1
| #define HAVE_SYS_STAT_H 1
| #define HAVE_STDLIB_H 1
| #define HAVE_STRING_H 1
| #define HAVE_MEMORY_H 1
| #define HAVE_STRINGS_H 1
| #define HAVE_INTTYPES_H 1
| #define HAVE_STDINT_H 1
| #define HAVE_UNISTD_H 1
| #define HAVE_STDLIB_H 1
| #define HAVE_SYS_TIME_H 1
| #define HAVE_UNISTD_H 1
| #define TIME_WITH_SYS_TIME 1
| #define HAVE_STDLIB_H 1
| #define HAVE_MALLOC 1
| #define HAVE_GETTIMEOFDAY 1
| #define HAVE_LOCALTIME_R 1
| /* end confdefs.h.  */
| #include <X11/Intrinsic.h>
| int
| main ()
| {
| XtMalloc (0)
|   ;
|   return 0;
| }
configure:4485: result: no
configure:5649: checking for pkg-config
configure:5667: found /usr/bin/pkg-config
configure:5680: result: /usr/bin/pkg-config
configure:5697: checking for xft
configure:5701: result: yes
configure:5705: checking XSTROKE_CFLAGS
configure:5708: result: -I/usr/include/uuid -I/usr/include/freetype2 -I/usr/include/libpng16
configure:5711: checking XSTROKE_LIBS
configure:5714: result: -lXft
configure:5860: creating ./config.status

## ---------------- ##
## Cache variables. ##
## ---------------- ##

ac_cv_c_compiler_gnu='yes'
ac_cv_env_CC_set=''
ac_cv_env_CC_value=''
ac_cv_env_CFLAGS_set=''
ac_cv_env_CFLAGS_value=''
ac_cv_env_CPPFLAGS_set=''
ac_cv_env_CPPFLAGS_value=''
ac_cv_env_CPP_set=''
ac_cv_env_CPP_value=''
ac_cv_env_LDFLAGS_set=''
ac_cv_env_LDFLAGS_value=''
ac_cv_env_build_alias_set=''
ac_cv_env_build_alias_value=''
ac_cv_env_host_alias_set=''
ac_cv_env_host_alias_value=''
ac_cv_env_target_alias_set=''
ac_cv_env_target_alias_value=''
ac_cv_exeext=''
ac_cv_func_gettimeofday='yes'
ac_cv_func_localtime_r='yes'
ac_cv_func_malloc_0_nonnull='yes'
ac_cv_have_x='have_x=no'
ac_cv_header_inttypes_h='yes'
ac_cv_header_memory_h='yes'
ac_cv_header_stdc='yes'
ac_cv_header_stdint_h='yes'
ac_cv_header_stdlib_h='yes'
ac_cv_header_string_h='yes'
ac_cv_header_strings_h='yes'
ac_cv_header_sys_stat_h='yes'
ac_cv_header_sys_time_h='yes'
ac_cv_header_sys_types_h='yes'
ac_cv_header_time='yes'
ac_cv_header_unistd_h='yes'
ac_cv_lib_fl_yywrap='no'
ac_cv_lib_l_yywrap='no'
ac_cv_objext='o'
ac_cv_path_PKG_CONFIG='/usr/bin/pkg-config'
ac_cv_path_install='/usr/bin/install -c'
ac_cv_prog_AWK='mawk'
ac_cv_prog_CPP='gcc -E'
ac_cv_prog_ac_ct_CC='gcc'
ac_cv_prog_cc_g='yes'
ac_cv_prog_cc_stdc=''
ac_cv_prog_egrep='grep -E'
ac_cv_prog_make_make_set='yes'
ac_cv_struct_tm='time.h'
am_cv_CC_dependencies_compiler_type='gcc3'

## ----------------- ##
## Output variables. ##
## ----------------- ##

ACLOCAL='${SHELL} /root/xstroke/missing --run aclocal-1.7'
AMDEPBACKSLASH='\'
AMDEP_FALSE='#'
AMDEP_TRUE=''
AMTAR='${SHELL} /root/xstroke/missing --run tar'
AUTOCONF='${SHELL} /root/xstroke/missing --run autoconf'
AUTOHEADER='${SHELL} /root/xstroke/missing --run autoheader'
AUTOMAKE='${SHELL} /root/xstroke/missing --run automake-1.7'
AWK='mawk'
CC='gcc'
CCDEPMODE='depmode=gcc3'
CFLAGS='-g -O2'
CPP='gcc -E'
CPPFLAGS=''
CYGPATH_W='echo'
DEFS='-DHAVE_CONFIG_H'
DEPDIR='.deps'
ECHO_C='ECHO_N=''
ECHO_T=''
EGREP='grep -E'
EXEEXT=''
INSTALL_DATA='${INSTALL} -m 644'
INSTALL_PROGRAM='${INSTALL}'
INSTALL_SCRIPT='${INSTALL}'
INSTALL_STRIP_PROGRAM='${SHELL} $(install_sh) -c -s'
LDFLAGS=''
LEX='${SHELL} /root/xstroke/missing --run flex'
LEXLIB=''
LEX_OUTPUT_ROOT=''
LIBOBJS=''
LIBS=''
LTLIBOBJS=''
MAINT='#'
MAINTAINER_MODE_FALSE=''
MAINTAINER_MODE_TRUE='#'
MAKEINFO='${SHELL} /root/xstroke/missing --run makeinfo'
OBJEXT='o'
PACKAGE='xstroke'
PACKAGE_BUGREPORT='xstroke@xstroke.org'
PACKAGE_NAME='xstroke'
PACKAGE_STRING='xstroke 0.6'
PACKAGE_TARNAME='xstroke'
PACKAGE_VERSION='0.6'
PATH_SEPARATOR=':'
PKG_CONFIG='/usr/bin/pkg-config'
SET_MAKE=''
SHELL='/bin/bash'
STRIP=''
VERSION='0.6'
XSTROKE_CFLAGS='-I/usr/include/uuid -I/usr/include/freetype2 -I/usr/include/libpng16'
XSTROKE_LIBS='-lXft'
X_CFLAGS=''
X_EXTRA_LIBS=''
X_LIBS=''
X_PRE_LIBS=''
YACC='yacc'
ac_ct_CC='gcc'
ac_ct_STRIP=''
am__fastdepCC_FALSE='#'
am__fastdepCC_TRUE=''
am__include='include'
am__leading_dot='.'
am__quote=''
bindir='${exec_prefix}/bin'
build_alias=''
datadir='${prefix}/share'
exec_prefix='${prefix}'
host_alias=''
includedir='${prefix}/include'
infodir='${prefix}/info'
install_sh='/root/xstroke/install-sh'
libdir='${exec_prefix}/lib'
libexecdir='${exec_prefix}/libexec'
localstatedir='${prefix}/var'
mandir='${prefix}/man'
oldincludedir='/usr/include'
prefix='/usr'
program_transform_name='s,x,x,'
sbindir='${exec_prefix}/sbin'
sharedstatedir='${prefix}/com'
sysconfdir='${prefix}/etc'
target_alias=''

## ----------- ##
## confdefs.h. ##
## ----------- ##

#define HAVE_GETTIMEOFDAY 1
#define HAVE_INTTYPES_H 1
#define HAVE_LOCALTIME_R 1
#define HAVE_MALLOC 1
#define HAVE_MEMORY_H 1
#define HAVE_STDINT_H 1
#define HAVE_STDLIB_H 1
#define HAVE_STDLIB_H 1
#define HAVE_STDLIB_H 1
#define HAVE_STRINGS_H 1
#define HAVE_STRING_H 1
#define HAVE_SYS_STAT_H 1
#define HAVE_SYS_TIME_H 1
#define HAVE_SYS_TYPES_H 1
#define HAVE_UNISTD_H 1
#define HAVE_UNISTD_H 1
#define PACKAGE "xstroke"
#define PACKAGE_BUGREPORT "xstroke@xstroke.org"
#define PACKAGE_NAME "xstroke"
#define PACKAGE_STRING "xstroke 0.6"
#define PACKAGE_TARNAME "xstroke"
#define PACKAGE_VERSION "0.6"
#define STDC_HEADERS 1
#define TIME_WITH_SYS_TIME 1
#define VERSION "0.6"
#define X_DISPLAY_MISSING 1

configure: exit 0

## ---------------------- ##
## Running config.status. ##
## ---------------------- ##

This file was extended by xstroke config.status 0.6, which was
generated by GNU Autoconf 2.59.  Invocation command line was

  CONFIG_FILES    = 
  CONFIG_HEADERS  = 
  CONFIG_LINKS    = 
  CONFIG_COMMANDS = 
  $ ./config.status config.h

on raspberrypi

config.status:6712: creating config.h
